<?xml version="1.0" encoding="UTF-8"?>
<!-- Generated by org.testng.reporters.JUnitReportReporter -->
<testsuite hostname="Q781468240012" name="com.stock.master.ngexp" tests="1" failures="0" timestamp="11 Aug 2016 02:58:01 GMT" time="24.713" errors="0">
  <testcase name="openApp" time="24.713" classname="com.stock.master.ngexp"/>
</testsuite> <!-- com.stock.master.ngexp -->
